<?xml version="1.0" encoding="UTF-8"?>
<testng-results ignored="0" total="0" passed="0" failed="0" skipped="0">
  <reporter-output>
  </reporter-output>
  <suite started-at="2023-07-18T12:51:19 CEST" name="Surefire suite" finished-at="2023-07-18T12:51:20 CEST" duration-ms="417">
    <groups>
      <group name="cucumber">
        <method signature="AbstractTestNGCucumberTests.runScenario(io.cucumber.testng.PickleWrapper,io.cucumber.testng.FeatureWrapper)[pri:0, instance:runners.AbstractTestNGCucumberTests@45018215]" name="runScenario" class="runners.AbstractTestNGCucumberTests"/>
      </group> <!-- cucumber -->
    </groups>
    <test started-at="2023-07-18T12:51:19 CEST" name="Surefire test" finished-at="2023-07-18T12:51:20 CEST" duration-ms="417">
      <class name="runners.AbstractTestNGCucumberTests">
        <test-method is-config="true" signature="setUpClass()[pri:0, instance:runners.AbstractTestNGCucumberTests@45018215]" started-at="2023-07-18T12:51:19 CEST" name="setUpClass" finished-at="2023-07-18T12:51:20 CEST" duration-ms="128" status="PASS">
          <reporter-output>
          </reporter-output>
        </test-method> <!-- setUpClass -->
        <test-method is-config="true" signature="tearDown()[pri:0, instance:runners.AbstractTestNGCucumberTests@45018215]" started-at="2023-07-18T12:51:20 CEST" name="tearDown" finished-at="2023-07-18T12:51:20 CEST" duration-ms="7" status="PASS">
          <reporter-output>
          </reporter-output>
        </test-method> <!-- tearDown -->
      </class> <!-- runners.AbstractTestNGCucumberTests -->
    </test> <!-- Surefire test -->
  </suite> <!-- Surefire suite -->
</testng-results>
